Using pre-set license
Built from '2020.3/staging' branch; Version is '2020.3.11f1 (99c7afb366b3) revision 10078127'; Using compiler version '192528614'; Build Type 'Release'
OS: 'Windows 10 Home; OS build 19041.1052; Version 2004; 64bit' Language: 'en' Physical Memory: 16329 MB
BatchMode: 1, IsHumanControllingUs: 0, StartBugReporterOnCrash: 0, Is64bit: 1, IsPro: 0

 COMMAND LINE ARGUMENTS:
C:\Program Files\Unity\Hub\Editor\2020.3.11f1\Editor\Unity.exe
-adb2
-batchMode
-noUpm
-name
AssetImportWorker0
-projectPath
C:/Users/Brian/Documents/GitHub/GMTK2021/GMTK2021 3D
-logFile
Logs/AssetImportWorker0.log
-srvPort
60614
Successfully changed project path to: C:/Users/Brian/Documents/GitHub/GMTK2021/GMTK2021 3D
C:/Users/Brian/Documents/GitHub/GMTK2021/GMTK2021 3D
Using Asset Import Pipeline V2.
Refreshing native plugins compatible for Editor in 31.24 ms, found 2 plugins.
Preloading 0 native plugins for Editor in 0.00 ms.
Initialize engine version: 2020.3.11f1 (99c7afb366b3)
[Subsystems] Discovering subsystems at path C:/Program Files/Unity/Hub/Editor/2020.3.11f1/Editor/Data/Resources/UnitySubsystems
[Subsystems] Discovering subsystems at path C:/Users/Brian/Documents/GitHub/GMTK2021/GMTK2021 3D/Assets
GfxDevice: creating device client; threaded=0
Direct3D:
    Version:  Direct3D 11.0 [level 11.1]
    Renderer: NVIDIA GeForce GTX 1070 (ID=0x1b81)
    Vendor:   
    VRAM:     8088 MB
    Driver:   27.21.14.5671
Initialize mono
Mono path[0] = 'C:/Program Files/Unity/Hub/Editor/2020.3.11f1/Editor/Data/Managed'
Mono path[1] = 'C:/Program Files/Unity/Hub/Editor/2020.3.11f1/Editor/Data/MonoBleedingEdge/lib/mono/unityjit'
Mono config path = 'C:/Program Files/Unity/Hub/Editor/2020.3.11f1/Editor/Data/MonoBleedingEdge/etc'
Using monoOptions --debugger-agent=transport=dt_socket,embedding=1,server=y,suspend=n,address=127.0.0.1:56364
Begin MonoManager ReloadAssembly
Registering precompiled unity dll's ...
Register platform support module: C:/Program Files/Unity/Hub/Editor/2020.3.11f1/Editor/Data/PlaybackEngines/WindowsStandaloneSupport/UnityEditor.WindowsStandalone.Extensions.dll
Registered in 0.002605 seconds.
Native extension for WindowsStandalone target not found
Refreshing native plugins compatible for Editor in 28.95 ms, found 2 plugins.
Preloading 0 native plugins for Editor in 0.00 ms.
Mono: successfully reloaded assembly
- Completed reload, in  1.231 seconds
Platform modules already initialized, skipping
Registering precompiled user dll's ...
Registered in 0.004910 seconds.
Begin MonoManager ReloadAssembly
Native extension for WindowsStandalone target not found
Refreshing native plugins compatible for Editor in 0.34 ms, found 2 plugins.
Preloading 0 native plugins for Editor in 0.00 ms.
Mono: successfully reloaded assembly
- Completed reload, in  1.080 seconds
Platform modules already initialized, skipping
========================================================================
Worker process is ready to serve import requests
Launched and connected shader compiler UnityShaderCompiler.exe after 0.05 seconds
Refreshing native plugins compatible for Editor in 0.33 ms, found 2 plugins.
Preloading 0 native plugins for Editor in 0.00 ms.
Unloading 1386 Unused Serialized files (Serialized files now loaded: 0)
System memory in use before: 64.7 MB.
System memory in use after: 64.7 MB.

Unloading 19 unused Assets to reduce memory usage. Loaded Objects now: 1819.
Total: 2.000000 ms (FindLiveObjects: 0.172100 ms CreateObjectMapping: 0.032900 ms MarkObjects: 1.712100 ms  DeleteObjects: 0.082000 ms)

========================================================================
Received Import Request.
  path: Assets
  artifactKey: Guid(00000000000000001000000000000000) Importer(815301076,1909f56bfc062723c751e8b465ee728b)
Start importing Assets using Guid(00000000000000001000000000000000) Importer(815301076,1909f56bfc062723c751e8b465ee728b)  -> (artifact id: '42d402b061de3733987d63b9cc3b64de') in 0.009385 seconds
  Import took 0.011542 seconds .

========================================================================
Received Import Request.
  Time since last request: 0.741130 seconds.
  path: Assets/Art
  artifactKey: Guid(8ea4f2b22150a5142be4f2b229689bb6) Importer(815301076,1909f56bfc062723c751e8b465ee728b)
Start importing Assets/Art using Guid(8ea4f2b22150a5142be4f2b229689bb6) Importer(815301076,1909f56bfc062723c751e8b465ee728b)  -> (artifact id: 'c86021bee06050302a92a47119e59ee9') in 0.006996 seconds
  Import took 0.009371 seconds .

========================================================================
Received Import Request.
  Time since last request: 4.974518 seconds.
  path: Assets/Audio
  artifactKey: Guid(60c68fc8841475645bb33224629579be) Importer(815301076,1909f56bfc062723c751e8b465ee728b)
Start importing Assets/Audio using Guid(60c68fc8841475645bb33224629579be) Importer(815301076,1909f56bfc062723c751e8b465ee728b)  -> (artifact id: '6c05cf23eeb365f890fbe579594c545c') in 0.006798 seconds
  Import took 0.009152 seconds .

========================================================================
Received Import Request.
  Time since last request: 4.706035 seconds.
  path: Assets/Scripts
  artifactKey: Guid(d3f3654066bdcfa409c6301e7055ff3a) Importer(815301076,1909f56bfc062723c751e8b465ee728b)
Start importing Assets/Scripts using Guid(d3f3654066bdcfa409c6301e7055ff3a) Importer(815301076,1909f56bfc062723c751e8b465ee728b)  -> (artifact id: 'bea109314fe872b8f938dcad0e6664d0') in 0.006924 seconds
  Import took 0.009281 seconds .

========================================================================
Received Import Request.
  Time since last request: 6.827739 seconds.
  path: Assets/Prefabs
  artifactKey: Guid(90883eb91654aea46be2a80484f69912) Importer(815301076,1909f56bfc062723c751e8b465ee728b)
Start importing Assets/Prefabs using Guid(90883eb91654aea46be2a80484f69912) Importer(815301076,1909f56bfc062723c751e8b465ee728b)  -> (artifact id: '20119ca6b1e80b4986941ef044b48035') in 0.007965 seconds
  Import took 0.010327 seconds .

========================================================================
Received Import Request.
  Time since last request: 45.708888 seconds.
  path: Assets/Prefabs/kenney_prototypePack_2.3.zip
  artifactKey: Guid(6647af187dd9e394daa13486e2a3f9f1) Importer(815301076,1909f56bfc062723c751e8b465ee728b)
Start importing Assets/Prefabs/kenney_prototypePack_2.3.zip using Guid(6647af187dd9e394daa13486e2a3f9f1) Importer(815301076,1909f56bfc062723c751e8b465ee728b)  -> (artifact id: '02147761227d3b4d09bb250aca7b5c99') in 0.042175 seconds
  Import took 0.044570 seconds .

========================================================================
Received Import Request.
  Time since last request: 44.880280 seconds.
  path: Assets/Prefabs/Preview.png
  artifactKey: Guid(483e0d52ab8ecd441acedd33a670ddad) Importer(815301076,1909f56bfc062723c751e8b465ee728b)
Start importing Assets/Prefabs/Preview.png using Guid(483e0d52ab8ecd441acedd33a670ddad) Importer(815301076,1909f56bfc062723c751e8b465ee728b)  -> (artifact id: '5c3316833e3a99d78965a48cc7f93f71') in 0.071905 seconds
  Import took 0.074565 seconds .

========================================================================
Received Import Request.
  Time since last request: 0.000225 seconds.
  path: Assets/Prefabs/Sample.png
  artifactKey: Guid(77a9b53ad98b99f49bfff555508ee84c) Importer(815301076,1909f56bfc062723c751e8b465ee728b)
Start importing Assets/Prefabs/Sample.png using Guid(77a9b53ad98b99f49bfff555508ee84c) Importer(815301076,1909f56bfc062723c751e8b465ee728b)  -> (artifact id: '8875e9cc2fccbaabb04d8a289f11c357') in 0.014003 seconds
  Import took 0.016553 seconds .

========================================================================
Received Import Request.
  Time since last request: 51.592460 seconds.
  path: Assets/Prefabs/Samples
  artifactKey: Guid(95132037f8e6a7e438615b96066ef77b) Importer(815301076,1909f56bfc062723c751e8b465ee728b)
Start importing Assets/Prefabs/Samples using Guid(95132037f8e6a7e438615b96066ef77b) Importer(815301076,1909f56bfc062723c751e8b465ee728b)  -> (artifact id: 'd284fe62d3a747b6c377ba1aa7853789') in 0.008166 seconds
  Import took 0.010938 seconds .

========================================================================
Received Import Request.
  Time since last request: 1.271953 seconds.
  path: Assets/Prefabs/Samples/Unity Sample.zip
  artifactKey: Guid(54782486c3a0b714d986c1c3b9c13876) Importer(815301076,1909f56bfc062723c751e8b465ee728b)
Start importing Assets/Prefabs/Samples/Unity Sample.zip using Guid(54782486c3a0b714d986c1c3b9c13876) Importer(815301076,1909f56bfc062723c751e8b465ee728b)  -> (artifact id: '6869cd37e16027e8b35eaf53c6240a53') in 0.007976 seconds
  Import took 0.010646 seconds .

AssetImportWorkerClient::OnTransportError - code=2 error=End of file
